2018-08-21 11:48:58 [scrapy] INFO: Scrapy 1.0.3 started (bot: TecentPositionSpider)
2018-08-21 11:48:58 [scrapy] INFO: Optional features available: ssl, http11, boto
2018-08-21 11:48:58 [scrapy] INFO: Overridden settings: {'NEWSPIDER_MODULE': 'TecentPositionSpider.spiders', 'SPIDER_MODULES': ['TecentPositionSpider.spiders'], 'LOG_FILE': 'tencentlog.log', 'LOG_LEVEL': 'INFO', 'BOT_NAME': 'TecentPositionSpider'}
2018-08-21 11:48:58 [scrapy] INFO: Enabled extensions: CloseSpider, TelnetConsole, LogStats, CoreStats, SpiderState
2018-08-21 11:48:59 [boto] ERROR: Caught exception reading instance data
Traceback (most recent call last):
  File "/usr/lib/python2.7/dist-packages/boto/utils.py", line 210, in retry_url
    r = opener.open(req, timeout=timeout)
  File "/usr/lib/python2.7/urllib2.py", line 429, in open
    response = self._open(req, data)
  File "/usr/lib/python2.7/urllib2.py", line 447, in _open
    '_open', req)
  File "/usr/lib/python2.7/urllib2.py", line 407, in _call_chain
    result = func(*args)
  File "/usr/lib/python2.7/urllib2.py", line 1228, in http_open
    return self.do_open(httplib.HTTPConnection, req)
  File "/usr/lib/python2.7/urllib2.py", line 1198, in do_open
    raise URLError(err)
URLError: <urlopen error timed out>
2018-08-21 11:48:59 [boto] ERROR: Unable to read instance data, giving up
2018-08-21 11:48:59 [scrapy] INFO: Enabled downloader middlewares: HttpAuthMiddleware, DownloadTimeoutMiddleware, UserAgentMiddleware, RetryMiddleware, DefaultHeadersMiddleware, MetaRefreshMiddleware, HttpCompressionMiddleware, RedirectMiddleware, CookiesMiddleware, ChunkedTransferMiddleware, DownloaderStats
2018-08-21 11:48:59 [scrapy] INFO: Enabled spider middlewares: HttpErrorMiddleware, OffsiteMiddleware, RefererMiddleware, UrlLengthMiddleware, DepthMiddleware
2018-08-21 11:48:59 [scrapy] INFO: Enabled item pipelines: TecentpositionspiderPipeline
2018-08-21 11:48:59 [scrapy] INFO: Spider opened
2018-08-21 11:48:59 [scrapy] INFO: Crawled 0 pages (at 0 pages/min), scraped 0 items (at 0 items/min)
2018-08-21 11:49:32 [scrapy] INFO: Closing spider (finished)
2018-08-21 11:49:32 [scrapy] INFO: Dumping Scrapy stats:
{'downloader/request_bytes': 112792,
 'downloader/request_count': 335,
 'downloader/request_method_count/GET': 335,
 'downloader/response_bytes': 1408714,
 'downloader/response_count': 335,
 'downloader/response_status_count/200': 334,
 'downloader/response_status_count/301': 1,
 'dupefilter/filtered': 2335,
 'finish_reason': 'finished',
 'finish_time': datetime.datetime(2018, 8, 21, 3, 49, 32, 306795),
 'item_scraped_count': 3327,
 'log_count/ERROR': 2,
 'log_count/INFO': 7,
 'request_depth_max': 50,
 'response_received_count': 334,
 'scheduler/dequeued': 335,
 'scheduler/dequeued/memory': 335,
 'scheduler/enqueued': 335,
 'scheduler/enqueued/memory': 335,
 'start_time': datetime.datetime(2018, 8, 21, 3, 48, 59, 550390)}
2018-08-21 11:49:32 [scrapy] INFO: Spider closed (finished)
2018-10-17 10:08:56 [scrapy] INFO: Scrapy 1.0.3 started (bot: TecentPositionSpider)
2018-10-17 10:08:56 [scrapy] INFO: Optional features available: ssl, http11, boto
2018-10-17 10:08:56 [scrapy] INFO: Overridden settings: {'NEWSPIDER_MODULE': 'TecentPositionSpider.spiders', 'SPIDER_MODULES': ['TecentPositionSpider.spiders'], 'LOG_FILE': 'tencentlog.log', 'LOG_LEVEL': 'INFO', 'BOT_NAME': 'TecentPositionSpider'}
2018-10-17 10:08:57 [scrapy] INFO: Enabled extensions: CloseSpider, TelnetConsole, LogStats, CoreStats, SpiderState
2018-10-17 10:08:59 [boto] ERROR: Caught exception reading instance data
Traceback (most recent call last):
  File "/usr/lib/python2.7/dist-packages/boto/utils.py", line 210, in retry_url
    r = opener.open(req, timeout=timeout)
  File "/usr/lib/python2.7/urllib2.py", line 429, in open
    response = self._open(req, data)
  File "/usr/lib/python2.7/urllib2.py", line 447, in _open
    '_open', req)
  File "/usr/lib/python2.7/urllib2.py", line 407, in _call_chain
    result = func(*args)
  File "/usr/lib/python2.7/urllib2.py", line 1228, in http_open
    return self.do_open(httplib.HTTPConnection, req)
  File "/usr/lib/python2.7/urllib2.py", line 1198, in do_open
    raise URLError(err)
URLError: <urlopen error timed out>
2018-10-17 10:08:59 [boto] ERROR: Unable to read instance data, giving up
2018-10-17 10:08:59 [scrapy] INFO: Enabled downloader middlewares: HttpAuthMiddleware, DownloadTimeoutMiddleware, UserAgentMiddleware, RetryMiddleware, DefaultHeadersMiddleware, MetaRefreshMiddleware, HttpCompressionMiddleware, RedirectMiddleware, CookiesMiddleware, ChunkedTransferMiddleware, DownloaderStats
2018-10-17 10:08:59 [scrapy] INFO: Enabled spider middlewares: HttpErrorMiddleware, OffsiteMiddleware, RefererMiddleware, UrlLengthMiddleware, DepthMiddleware
2018-10-17 10:08:59 [scrapy] INFO: Enabled item pipelines: TecentpositionspiderPipeline
2018-10-17 10:08:59 [scrapy] INFO: Spider opened
2018-10-17 10:08:59 [scrapy] INFO: Crawled 0 pages (at 0 pages/min), scraped 0 items (at 0 items/min)
2018-10-17 10:08:59 [scrapy] INFO: Closing spider (finished)
2018-10-17 10:08:59 [scrapy] INFO: Dumping Scrapy stats:
{'downloader/request_bytes': 233,
 'downloader/request_count': 1,
 'downloader/request_method_count/GET': 1,
 'downloader/response_bytes': 197,
 'downloader/response_count': 1,
 'downloader/response_status_count/200': 1,
 'finish_reason': 'finished',
 'finish_time': datetime.datetime(2018, 10, 17, 2, 8, 59, 686476),
 'log_count/ERROR': 2,
 'log_count/INFO': 7,
 'response_received_count': 1,
 'scheduler/dequeued': 1,
 'scheduler/dequeued/memory': 1,
 'scheduler/enqueued': 1,
 'scheduler/enqueued/memory': 1,
 'start_time': datetime.datetime(2018, 10, 17, 2, 8, 59, 219711)}
2018-10-17 10:08:59 [scrapy] INFO: Spider closed (finished)
