2018-08-24 09:58:42 [scrapy] INFO: Scrapy 1.0.3 started (bot: douban)
2018-08-24 09:58:42 [scrapy] INFO: Optional features available: ssl, http11, boto
2018-08-24 09:58:42 [scrapy] INFO: Overridden settings: {'NEWSPIDER_MODULE': 'douban.spiders', 'LOG_LEVEL': 'INFO', 'SPIDER_MODULES': ['douban.spiders'], 'BOT_NAME': 'douban', 'COOKIES_ENABLED': False, 'LOG_FILE': 'douban.log'}
2018-08-24 09:58:44 [scrapy] INFO: Enabled extensions: CloseSpider, TelnetConsole, LogStats, CoreStats, SpiderState
2018-08-24 09:58:47 [boto] ERROR: Caught exception reading instance data
Traceback (most recent call last):
  File "/usr/lib/python2.7/dist-packages/boto/utils.py", line 210, in retry_url
    r = opener.open(req, timeout=timeout)
  File "/usr/lib/python2.7/urllib2.py", line 429, in open
    response = self._open(req, data)
  File "/usr/lib/python2.7/urllib2.py", line 447, in _open
    '_open', req)
  File "/usr/lib/python2.7/urllib2.py", line 407, in _call_chain
    result = func(*args)
  File "/usr/lib/python2.7/urllib2.py", line 1228, in http_open
    return self.do_open(httplib.HTTPConnection, req)
  File "/usr/lib/python2.7/urllib2.py", line 1198, in do_open
    raise URLError(err)
URLError: <urlopen error timed out>
2018-08-24 09:58:47 [boto] ERROR: Unable to read instance data, giving up
2018-08-24 09:58:47 [scrapy] INFO: Enabled downloader middlewares: HttpAuthMiddleware, DownloadTimeoutMiddleware, UserAgentMiddleware, RetryMiddleware, DefaultHeadersMiddleware, MetaRefreshMiddleware, HttpCompressionMiddleware, RedirectMiddleware, ChunkedTransferMiddleware, DownloaderStats
2018-08-24 09:58:47 [scrapy] INFO: Enabled spider middlewares: HttpErrorMiddleware, OffsiteMiddleware, RefererMiddleware, UrlLengthMiddleware, DepthMiddleware
2018-08-24 09:58:48 [scrapy] INFO: Enabled item pipelines: DoubanPipeline
2018-08-24 09:58:48 [scrapy] INFO: Spider opened
2018-08-24 09:58:48 [scrapy] INFO: Crawled 0 pages (at 0 pages/min), scraped 0 items (at 0 items/min)
2018-08-24 09:58:48 [scrapy] INFO: Closing spider (finished)
2018-08-24 09:58:48 [scrapy] ERROR: Scraper close failure
Traceback (most recent call last):
  File "/usr/lib/python2.7/dist-packages/twisted/internet/defer.py", line 588, in _runCallbacks
    current.result = callback(current.result, *args, **kw)
TypeError: close_spider() takes exactly 1 argument (2 given)
2018-08-24 09:58:48 [scrapy] INFO: Dumping Scrapy stats:
{'downloader/request_bytes': 207,
 'downloader/request_count': 1,
 'downloader/request_method_count/GET': 1,
 'downloader/response_bytes': 248,
 'downloader/response_count': 1,
 'downloader/response_status_count/403': 1,
 'finish_reason': 'finished',
 'finish_time': datetime.datetime(2018, 8, 24, 1, 58, 48, 888253),
 'log_count/ERROR': 3,
 'log_count/INFO': 7,
 'response_received_count': 1,
 'scheduler/dequeued': 1,
 'scheduler/dequeued/memory': 1,
 'scheduler/enqueued': 1,
 'scheduler/enqueued/memory': 1,
 'start_time': datetime.datetime(2018, 8, 24, 1, 58, 48, 191450)}
2018-08-24 09:58:48 [scrapy] INFO: Spider closed (finished)
2018-08-24 10:00:05 [scrapy] INFO: Scrapy 1.0.3 started (bot: douban)
2018-08-24 10:00:05 [scrapy] INFO: Optional features available: ssl, http11, boto
2018-08-24 10:00:05 [scrapy] INFO: Overridden settings: {'NEWSPIDER_MODULE': 'douban.spiders', 'LOG_LEVEL': 'INFO', 'SPIDER_MODULES': ['douban.spiders'], 'BOT_NAME': 'douban', 'COOKIES_ENABLED': False, 'LOG_FILE': 'douban.log'}
2018-08-24 10:00:05 [scrapy] INFO: Enabled extensions: CloseSpider, TelnetConsole, LogStats, CoreStats, SpiderState
2018-08-24 10:00:06 [boto] ERROR: Caught exception reading instance data
Traceback (most recent call last):
  File "/usr/lib/python2.7/dist-packages/boto/utils.py", line 210, in retry_url
    r = opener.open(req, timeout=timeout)
  File "/usr/lib/python2.7/urllib2.py", line 429, in open
    response = self._open(req, data)
  File "/usr/lib/python2.7/urllib2.py", line 447, in _open
    '_open', req)
  File "/usr/lib/python2.7/urllib2.py", line 407, in _call_chain
    result = func(*args)
  File "/usr/lib/python2.7/urllib2.py", line 1228, in http_open
    return self.do_open(httplib.HTTPConnection, req)
  File "/usr/lib/python2.7/urllib2.py", line 1198, in do_open
    raise URLError(err)
URLError: <urlopen error timed out>
2018-08-24 10:00:06 [boto] ERROR: Unable to read instance data, giving up
2018-08-24 10:00:06 [scrapy] INFO: Enabled downloader middlewares: HttpAuthMiddleware, DownloadTimeoutMiddleware, UserAgentMiddleware, RetryMiddleware, DefaultHeadersMiddleware, MetaRefreshMiddleware, HttpCompressionMiddleware, RedirectMiddleware, ChunkedTransferMiddleware, DownloaderStats
2018-08-24 10:00:06 [scrapy] INFO: Enabled spider middlewares: HttpErrorMiddleware, OffsiteMiddleware, RefererMiddleware, UrlLengthMiddleware, DepthMiddleware
2018-08-24 10:00:06 [scrapy] INFO: Enabled item pipelines: DoubanPipeline
2018-08-24 10:00:06 [scrapy] INFO: Spider opened
2018-08-24 10:00:06 [scrapy] INFO: Crawled 0 pages (at 0 pages/min), scraped 0 items (at 0 items/min)
2018-08-24 10:00:07 [scrapy] INFO: Closing spider (finished)
2018-08-24 10:00:07 [scrapy] INFO: Dumping Scrapy stats:
{'downloader/request_bytes': 207,
 'downloader/request_count': 1,
 'downloader/request_method_count/GET': 1,
 'downloader/response_bytes': 248,
 'downloader/response_count': 1,
 'downloader/response_status_count/403': 1,
 'finish_reason': 'finished',
 'finish_time': datetime.datetime(2018, 8, 24, 2, 0, 7, 324563),
 'log_count/ERROR': 2,
 'log_count/INFO': 7,
 'response_received_count': 1,
 'scheduler/dequeued': 1,
 'scheduler/dequeued/memory': 1,
 'scheduler/enqueued': 1,
 'scheduler/enqueued/memory': 1,
 'start_time': datetime.datetime(2018, 8, 24, 2, 0, 6, 980901)}
2018-08-24 10:00:07 [scrapy] INFO: Spider closed (finished)
